rdbas.F(87): remark #7713: This statement function has not been used.   [INDXF]
      INDXF(I,J,N)=I+(J-1)*N
------^
wrpbas.F(191): remark #8291: Recommended relationship between field width 'W' and the number of fractional digits 'D' in this edit descriptor is 'W>=D+7'.
 8010    Format (I5, 1X, E14.9, E20.12)
--------------------------^
asv_ctl.c(415): warning #181: argument is incompatible with corresponding format string conversion
                     "[0,%li]\n",pos,count_strings(handles)-1);
                                 ^

asv_ctl.c(415): warning #181: argument is incompatible with corresponding format string conversion
                     "[0,%li]\n",pos,count_strings(handles)-1);
                                     ^

asv_ctl.c(423): warning #181: argument is incompatible with corresponding format string conversion
                                  f_flags.ioppar[*index]);
                                  ^

asv_ctl.c(1190): warning #181: argument is incompatible with corresponding format string conversion
                     *plASV,
                     ^

asv_ctl.c(1192): warning #181: argument is incompatible with corresponding format string conversion
                     ASV_nl[index].oppar, &keyname,
                                          ^

asv_ctl.c(1193): warning #181: argument is incompatible with corresponding format string conversion
                     ASV_nl[index].ichar, ichar_types[ASV_nl[index].ichar],
                     ^

asv_ctl.c(1194): warning #181: argument is incompatible with corresponding format string conversion
                     ASV_nl[index].ideflt, ASV_nl[index].units,
                     ^

asv_ctl.c(1195): warning #181: argument is incompatible with corresponding format string conversion
                     f_flags.ioppar[index]
                     ^

asv_ctl.c(1224): warning #181: argument is incompatible with corresponding format string conversion
                      iArg+1, &keyname, f_flags.ioppar[iArg],
                              ^

asv_ctl.c(1224): warning #181: argument is incompatible with corresponding format string conversion
                      iArg+1, &keyname, f_flags.ioppar[iArg],
                                        ^

asv_ctl.c(1225): warning #181: argument is incompatible with corresponding format string conversion
                      ASV_nl[iArg].ideflt,ASV_nl[iArg].units
                      ^

asv_ctl.c(1493): warning #181: argument is incompatible with corresponding format string conversion
                                     " copied.\n",*size);
                                                  ^

asv_ctl.c(1576): warning #181: argument is incompatible with corresponding format string conversion
                              printf("%li -> ",f_flags.ioppar[var]);
                                               ^

asv_ctl.c(1579): warning #181: argument is incompatible with corresponding format string conversion
                              printf("%li\n",  f_flags.ioppar[var]);
                                               ^

asv_ctl.c(1599): warning #181: argument is incompatible with corresponding format string conversion
                                     Bytes,*size
                                     ^

asv_ctl.c(1599): warning #181: argument is incompatible with corresponding format string conversion
                                     Bytes,*size
                                           ^

